03-30-2023 @ 07:28:57 - ---[ New import started at 2023-03-30 04:28:57 ] PHP Memory: 128 МБ, WP Memory: 40 МБ
03-30-2023 @ 07:28:57 - Preparing for import.
03-30-2023 @ 07:28:57 - Row :1 - Parsing item.
03-30-2023 @ 07:28:57 - Row :1 - Parsing failed. Reason: Содержимое, заголовок и отрывок пусты.
03-30-2023 @ 07:28:57 - Row :2 - Parsing item.
03-30-2023 @ 07:28:57 - Row :2 - Parsing failed. Reason: Содержимое, заголовок и отрывок пусты.
03-30-2023 @ 07:28:57 - Row :3 - Parsing item.
03-30-2023 @ 07:28:57 - Row :3 - Parsing failed. Reason: Содержимое, заголовок и отрывок пусты.
03-30-2023 @ 07:28:57 - Row :4 - Parsing item.
03-30-2023 @ 07:28:57 - Row :4 - Parsing failed. Reason: Содержимое, заголовок и отрывок пусты.
03-30-2023 @ 07:28:57 - Row :5 - Parsing item.
03-30-2023 @ 07:28:57 - Row :5 - Parsing failed. Reason: Содержимое, заголовок и отрывок пусты.
03-30-2023 @ 07:28:57 - Row :6 - Parsing item.
03-30-2023 @ 07:28:57 - Row :6 - Parsing failed. Reason: Содержимое, заголовок и отрывок пусты.
03-30-2023 @ 07:28:57 - Row :7 - Parsing item.
03-30-2023 @ 07:28:57 - Row :7 - Parsing failed. Reason: Содержимое, заголовок и отрывок пусты.
03-30-2023 @ 07:28:57 - Row :8 - Parsing item.
03-30-2023 @ 07:28:57 - Row :8 - Parsing failed. Reason: Содержимое, заголовок и отрывок пусты.
03-30-2023 @ 07:28:57 - Row :9 - Parsing item.
03-30-2023 @ 07:28:57 - Row :9 - Parsing failed. Reason: Содержимое, заголовок и отрывок пусты.
03-30-2023 @ 07:28:57 - Row :10 - Parsing item.
03-30-2023 @ 07:28:57 - Row :10 - Parsing failed. Reason: Содержимое, заголовок и отрывок пусты.
03-30-2023 @ 07:28:57 - Preparing for import.
03-30-2023 @ 07:28:57 - Row :11 - Parsing item.
03-30-2023 @ 07:28:57 - Row :11 - Parsing failed. Reason: Содержимое, заголовок и отрывок пусты.
03-30-2023 @ 07:28:57 - Row :12 - Parsing item.
03-30-2023 @ 07:28:57 - Row :12 - Parsing failed. Reason: Содержимое, заголовок и отрывок пусты.
03-30-2023 @ 07:28:57 - Row :13 - Parsing item.
03-30-2023 @ 07:28:57 - Row :13 - Parsing failed. Reason: Содержимое, заголовок и отрывок пусты.
03-30-2023 @ 07:28:57 - Row :14 - Parsing item.
03-30-2023 @ 07:28:57 - Row :14 - Parsing failed. Reason: Содержимое, заголовок и отрывок пусты.
03-30-2023 @ 07:28:57 - Row :15 - Parsing item.
03-30-2023 @ 07:28:57 - Row :15 - Parsing failed. Reason: Содержимое, заголовок и отрывок пусты.
03-30-2023 @ 07:28:57 - Row :16 - Parsing item.
03-30-2023 @ 07:28:57 - Row :16 - Parsing failed. Reason: Содержимое, заголовок и отрывок пусты.
03-30-2023 @ 07:28:57 - Row :17 - Parsing item.
03-30-2023 @ 07:28:57 - Row :17 - Parsing failed. Reason: Содержимое, заголовок и отрывок пусты.
03-30-2023 @ 07:28:57 - Row :18 - Parsing item.
03-30-2023 @ 07:28:57 - Row :18 - Parsing failed. Reason: Содержимое, заголовок и отрывок пусты.
03-30-2023 @ 07:28:57 - Row :19 - Parsing item.
03-30-2023 @ 07:28:57 - Row :19 - Parsing failed. Reason: Содержимое, заголовок и отрывок пусты.
03-30-2023 @ 07:28:57 - Row :20 - Parsing item.
03-30-2023 @ 07:28:57 - Row :20 - Parsing failed. Reason: Содержимое, заголовок и отрывок пусты.
03-30-2023 @ 07:28:57 - Preparing for import.
03-30-2023 @ 07:28:57 - Row :21 - Parsing item.
03-30-2023 @ 07:28:57 - Row :21 - Parsing failed. Reason: Содержимое, заголовок и отрывок пусты.
03-30-2023 @ 07:28:57 - Row :22 - Parsing item.
03-30-2023 @ 07:28:57 - Row :22 - Parsing failed. Reason: Содержимое, заголовок и отрывок пусты.
03-30-2023 @ 07:28:57 - Row :23 - Parsing item.
03-30-2023 @ 07:28:57 - Row :23 - Parsing failed. Reason: Содержимое, заголовок и отрывок пусты.
03-30-2023 @ 07:28:57 - Row :24 - Parsing item.
03-30-2023 @ 07:28:57 - Row :24 - Parsing failed. Reason: Содержимое, заголовок и отрывок пусты.
03-30-2023 @ 07:28:57 - Row :25 - Parsing item.
03-30-2023 @ 07:28:57 - Row :25 - Parsing failed. Reason: Содержимое, заголовок и отрывок пусты.
03-30-2023 @ 07:28:57 - Row :26 - Parsing item.
03-30-2023 @ 07:28:57 - Row :26 - Parsing failed. Reason: Содержимое, заголовок и отрывок пусты.
03-30-2023 @ 07:28:57 - Row :27 - Parsing item.
03-30-2023 @ 07:28:57 - Row :27 - Parsing failed. Reason: Содержимое, заголовок и отрывок пусты.
03-30-2023 @ 07:28:57 - Row :28 - Parsing item.
03-30-2023 @ 07:28:57 - Row :28 - Parsing failed. Reason: Содержимое, заголовок и отрывок пусты.
03-30-2023 @ 07:28:57 - Row :29 - Parsing item.
03-30-2023 @ 07:28:57 - Row :29 - Parsing failed. Reason: Содержимое, заголовок и отрывок пусты.
03-30-2023 @ 07:28:57 - Row :30 - Parsing item.
03-30-2023 @ 07:28:57 - Row :30 - Parsing failed. Reason: Содержимое, заголовок и отрывок пусты.
03-30-2023 @ 07:28:58 - Preparing for import.
03-30-2023 @ 07:28:58 - Row :31 - Parsing item.
03-30-2023 @ 07:28:58 - Row :31 - Parsing failed. Reason: Содержимое, заголовок и отрывок пусты.
03-30-2023 @ 07:28:58 - Row :32 - Parsing item.
03-30-2023 @ 07:28:58 - Row :32 - Parsing failed. Reason: Содержимое, заголовок и отрывок пусты.
03-30-2023 @ 07:28:58 - Row :33 - Parsing item.
03-30-2023 @ 07:28:58 - Row :33 - Parsing failed. Reason: Содержимое, заголовок и отрывок пусты.
03-30-2023 @ 07:28:58 - Row :34 - Parsing item.
03-30-2023 @ 07:28:58 - Row :34 - Parsing failed. Reason: Содержимое, заголовок и отрывок пусты.
03-30-2023 @ 07:28:58 - Row :35 - Parsing item.
03-30-2023 @ 07:28:58 - Row :35 - Parsing failed. Reason: Содержимое, заголовок и отрывок пусты.
03-30-2023 @ 07:28:58 - Row :36 - Parsing item.
03-30-2023 @ 07:28:58 - Row :36 - Parsing failed. Reason: Содержимое, заголовок и отрывок пусты.
03-30-2023 @ 07:28:58 - Row :37 - Parsing item.
03-30-2023 @ 07:28:58 - Row :37 - Parsing failed. Reason: Содержимое, заголовок и отрывок пусты.
03-30-2023 @ 07:28:58 - Row :38 - Parsing item.
03-30-2023 @ 07:28:58 - Row :38 - Parsing failed. Reason: Содержимое, заголовок и отрывок пусты.
03-30-2023 @ 07:28:58 - Row :39 - Parsing item.
03-30-2023 @ 07:28:58 - Row :39 - Parsing failed. Reason: Содержимое, заголовок и отрывок пусты.
03-30-2023 @ 07:28:58 - ---[ Import ended at 2023-03-30 04:28:58]---
