03-30-2023 @ 07:29:59 - ---[ New import started at 2023-03-30 04:29:59 ] PHP Memory: 128 МБ, WP Memory: 40 МБ
03-30-2023 @ 07:29:59 - Preparing for import.
03-30-2023 @ 07:29:59 - Row :1 - Parsing item.
03-30-2023 @ 07:29:59 - Row :1 - Parsing failed. Reason: Не удалось вставить запись в базу данных
03-30-2023 @ 07:29:59 - Row :2 - Parsing item.
03-30-2023 @ 07:29:59 - Row :2 - Parsing failed. Reason: Importing Product(ID) conflicts with an existing post. ID: 3
03-30-2023 @ 07:29:59 - Row :3 - Parsing item.
03-30-2023 @ 07:29:59 - Row :3 - Parsing failed. Reason: Содержимое, заголовок и отрывок пусты.
03-30-2023 @ 07:29:59 - Row :4 - Parsing item.
03-30-2023 @ 07:29:59 - Row :4 - Parsing failed. Reason: Importing Product(ID) conflicts with an existing post. ID: 5
03-30-2023 @ 07:29:59 - Row :5 - Parsing item.
03-30-2023 @ 07:29:59 - Row :5 - Parsing failed. Reason: Не удалось вставить запись в базу данных
03-30-2023 @ 07:29:59 - Row :6 - Parsing item.
03-30-2023 @ 07:29:59 - Row :6 - Parsing failed. Reason: Importing Product(ID) conflicts with an existing post. ID: 7
03-30-2023 @ 07:29:59 - Row :7 - Parsing item.
03-30-2023 @ 07:29:59 - Row :7 - Parsing failed. Reason: Importing Product(ID) conflicts with an existing post. ID: 8
03-30-2023 @ 07:29:59 - Row :8 - Parsing item.
03-30-2023 @ 07:29:59 - Row :8 - Parsing failed. Reason: Importing Product(ID) conflicts with an existing post. ID: 9
03-30-2023 @ 07:29:59 - Row :9 - Parsing item.
03-30-2023 @ 07:29:59 - Row :9 - Parsing failed. Reason: Importing Product(ID) conflicts with an existing post. ID: 10
03-30-2023 @ 07:29:59 - Row :10 - Parsing item.
03-30-2023 @ 07:29:59 - Row :10 - Parsing failed. Reason: Importing Product(ID) conflicts with an existing post. ID: 11
03-30-2023 @ 07:29:59 - Preparing for import.
03-30-2023 @ 07:29:59 - Row :11 - Parsing item.
03-30-2023 @ 07:29:59 - Row :11 - Parsing failed. Reason: Product with same ID already exists. ID: 12
03-30-2023 @ 07:29:59 - Row :12 - Parsing item.
03-30-2023 @ 07:29:59 - Row :12 - Parsing failed. Reason: Не удалось вставить запись в базу данных
03-30-2023 @ 07:29:59 - Row :13 - Parsing item.
03-30-2023 @ 07:29:59 - Row :13 - Parsing failed. Reason: Не удалось вставить запись в базу данных
03-30-2023 @ 07:29:59 - Row :14 - Parsing item.
03-30-2023 @ 07:29:59 - Row :14 - Parsing failed. Reason: Содержимое, заголовок и отрывок пусты.
03-30-2023 @ 07:29:59 - Row :15 - Parsing item.
03-30-2023 @ 07:29:59 - Row :15 - Parsing failed. Reason: Не удалось вставить запись в базу данных
03-30-2023 @ 07:29:59 - Row :16 - Parsing item.
03-30-2023 @ 07:29:59 - Row :16 - Parsing failed. Reason: Не удалось вставить запись в базу данных
03-30-2023 @ 07:29:59 - Row :17 - Parsing item.
03-30-2023 @ 07:29:59 - Row :17 - Parsing failed. Reason: Не удалось вставить запись в базу данных
03-30-2023 @ 07:29:59 - Row :18 - Parsing item.
03-30-2023 @ 07:29:59 - Row :18 - Parsing failed. Reason: Не удалось вставить запись в базу данных
03-30-2023 @ 07:29:59 - Row :19 - Parsing item.
03-30-2023 @ 07:29:59 - Row :19 - Parsing failed. Reason: Не удалось вставить запись в базу данных
03-30-2023 @ 07:29:59 - Row :20 - Parsing item.
03-30-2023 @ 07:29:59 - Row :20 - Parsing failed. Reason: Не удалось вставить запись в базу данных
03-30-2023 @ 07:30:00 - Preparing for import.
03-30-2023 @ 07:30:00 - Row :21 - Parsing item.
03-30-2023 @ 07:30:00 - Row :21 - Parsing failed. Reason: Не удалось вставить запись в базу данных
03-30-2023 @ 07:30:00 - Row :22 - Parsing item.
03-30-2023 @ 07:30:00 - Row :22 - Parsing failed. Reason: Содержимое, заголовок и отрывок пусты.
03-30-2023 @ 07:30:00 - Row :23 - Parsing item.
03-30-2023 @ 07:30:00 - Row :23 - Parsing failed. Reason: Не удалось вставить запись в базу данных
03-30-2023 @ 07:30:00 - Row :24 - Parsing item.
03-30-2023 @ 07:30:00 - Row :24 - Parsing failed. Reason: Не удалось вставить запись в базу данных
03-30-2023 @ 07:30:00 - Row :25 - Parsing item.
03-30-2023 @ 07:30:00 - Row :25 - Parsing failed. Reason: Не удалось вставить запись в базу данных
03-30-2023 @ 07:30:00 - Row :26 - Parsing item.
03-30-2023 @ 07:30:00 - Row :26 - Parsing failed. Reason: Не удалось вставить запись в базу данных
03-30-2023 @ 07:30:00 - Row :27 - Parsing item.
03-30-2023 @ 07:30:00 - Row :27 - Parsing failed. Reason: Содержимое, заголовок и отрывок пусты.
03-30-2023 @ 07:30:00 - Row :28 - Parsing item.
03-30-2023 @ 07:30:00 - Row :28 - Parsing failed. Reason: Importing Product(ID) conflicts with an existing post. ID: 29
03-30-2023 @ 07:30:00 - Row :29 - Parsing item.
03-30-2023 @ 07:30:00 - Row :29 - Parsing failed. Reason: Содержимое, заголовок и отрывок пусты.
03-30-2023 @ 07:30:00 - Row :30 - Parsing item.
03-30-2023 @ 07:30:00 - Row :30 - Parsing failed. Reason: Содержимое, заголовок и отрывок пусты.
03-30-2023 @ 07:30:00 - Preparing for import.
03-30-2023 @ 07:30:00 - Row :31 - Parsing item.
03-30-2023 @ 07:30:00 - Row :31 - Parsing failed. Reason: Содержимое, заголовок и отрывок пусты.
03-30-2023 @ 07:30:00 - Row :32 - Parsing item.
03-30-2023 @ 07:30:00 - Row :32 - Parsing failed. Reason: Содержимое, заголовок и отрывок пусты.
03-30-2023 @ 07:30:00 - Row :33 - Parsing item.
03-30-2023 @ 07:30:00 - Row :33 - Parsing failed. Reason: Не удалось вставить запись в базу данных
03-30-2023 @ 07:30:00 - Row :34 - Parsing item.
03-30-2023 @ 07:30:00 - Row :34 - Parsing failed. Reason: Не удалось вставить запись в базу данных
03-30-2023 @ 07:30:00 - Row :35 - Parsing item.
03-30-2023 @ 07:30:00 - Row :35 - Parsing failed. Reason: Importing Product(ID) conflicts with an existing post. ID: 36
03-30-2023 @ 07:30:00 - Row :36 - Parsing item.
03-30-2023 @ 07:30:00 - Row :36 - Parsing failed. Reason: Не удалось вставить запись в базу данных
03-30-2023 @ 07:30:00 - Row :37 - Parsing item.
03-30-2023 @ 07:30:00 - Row :37 - Parsing failed. Reason: Содержимое, заголовок и отрывок пусты.
03-30-2023 @ 07:30:00 - Row :38 - Parsing item.
03-30-2023 @ 07:30:00 - Row :38 - Parsing failed. Reason: Не удалось вставить запись в базу данных
03-30-2023 @ 07:30:00 - Row :39 - Parsing item.
03-30-2023 @ 07:30:00 - Row :39 - Parsing failed. Reason: Содержимое, заголовок и отрывок пусты.
03-30-2023 @ 07:30:00 - ---[ Import ended at 2023-03-30 04:30:00]---
