03-30-2023 @ 07:38:00 - ---[ New import started at 2023-03-30 04:38:00 ] PHP Memory: 128 МБ, WP Memory: 40 МБ
03-30-2023 @ 07:38:00 - Preparing for import.
03-30-2023 @ 07:38:00 - Row :1 - Parsing item.
03-30-2023 @ 07:38:00 - Row :1 - Parsing failed. Reason: Не удалось вставить запись в базу данных
03-30-2023 @ 07:38:00 - Row :2 - Parsing item.
03-30-2023 @ 07:38:00 - Row :2 - Parsing failed. Reason: Не удалось вставить запись в базу данных
03-30-2023 @ 07:38:00 - Row :3 - Parsing item.
03-30-2023 @ 07:38:00 - Row :3 - Parsing failed. Reason: Не удалось вставить запись в базу данных
03-30-2023 @ 07:38:00 - Row :4 - Parsing item.
03-30-2023 @ 07:38:00 - Row :4 - Parsing failed. Reason: Не удалось вставить запись в базу данных
03-30-2023 @ 07:38:00 - Row :5 - Parsing item.
03-30-2023 @ 07:38:00 - Row :5 - Parsing failed. Reason: Не удалось вставить запись в базу данных
03-30-2023 @ 07:38:00 - Row :6 - Parsing item.
03-30-2023 @ 07:38:00 - Row :6 - Parsing failed. Reason: Не удалось вставить запись в базу данных
03-30-2023 @ 07:38:00 - Row :7 - Parsing item.
03-30-2023 @ 07:38:00 - Row :7 - Parsing failed. Reason: Не удалось вставить запись в базу данных
03-30-2023 @ 07:38:00 - Row :8 - Parsing item.
03-30-2023 @ 07:38:00 - Row :8 - Parsing failed. Reason: Не удалось вставить запись в базу данных
03-30-2023 @ 07:38:00 - Row :9 - Parsing item.
03-30-2023 @ 07:38:00 - Row :9 - Parsing failed. Reason: Не удалось вставить запись в базу данных
03-30-2023 @ 07:38:00 - Row :10 - Parsing item.
03-30-2023 @ 07:38:00 - Row :10 - Parsing failed. Reason: Не удалось вставить запись в базу данных
03-30-2023 @ 07:38:01 - Preparing for import.
03-30-2023 @ 07:38:01 - Row :11 - Parsing item.
03-30-2023 @ 07:38:01 - Row :11 - Parsing failed. Reason: Не удалось вставить запись в базу данных
03-30-2023 @ 07:38:01 - Row :12 - Parsing item.
03-30-2023 @ 07:38:01 - Row :12 - Parsing failed. Reason: Не удалось вставить запись в базу данных
03-30-2023 @ 07:38:01 - Row :13 - Parsing item.
03-30-2023 @ 07:38:01 - Row :13 - Parsing failed. Reason: Не удалось вставить запись в базу данных
03-30-2023 @ 07:38:01 - Row :14 - Parsing item.
03-30-2023 @ 07:38:01 - Row :14 - Parsing failed. Reason: Не удалось вставить запись в базу данных
03-30-2023 @ 07:38:01 - Row :15 - Parsing item.
03-30-2023 @ 07:38:01 - Row :15 - Parsing failed. Reason: Не удалось вставить запись в базу данных
03-30-2023 @ 07:38:01 - Row :16 - Parsing item.
03-30-2023 @ 07:38:01 - Row :16 - Parsing failed. Reason: Не удалось вставить запись в базу данных
03-30-2023 @ 07:38:01 - Row :17 - Parsing item.
03-30-2023 @ 07:38:01 - Row :17 - Parsing failed. Reason: Не удалось вставить запись в базу данных
03-30-2023 @ 07:38:01 - Row :18 - Parsing item.
03-30-2023 @ 07:38:01 - Row :18 - Parsing failed. Reason: Не удалось вставить запись в базу данных
03-30-2023 @ 07:38:01 - Row :19 - Parsing item.
03-30-2023 @ 07:38:01 - Row :19 - Parsing failed. Reason: Не удалось вставить запись в базу данных
03-30-2023 @ 07:38:01 - Row :20 - Parsing item.
03-30-2023 @ 07:38:01 - Row :20 - Parsing failed. Reason: Не удалось вставить запись в базу данных
03-30-2023 @ 07:38:01 - Preparing for import.
03-30-2023 @ 07:38:01 - Row :21 - Parsing item.
03-30-2023 @ 07:38:01 - Row :21 - Parsing failed. Reason: Не удалось вставить запись в базу данных
03-30-2023 @ 07:38:01 - Row :22 - Parsing item.
03-30-2023 @ 07:38:01 - Row :22 - Parsing failed. Reason: Не удалось вставить запись в базу данных
03-30-2023 @ 07:38:01 - Row :23 - Parsing item.
03-30-2023 @ 07:38:01 - Importing as new product ID:122
03-30-2023 @ 07:38:01 - Row :23 - Processing item.
03-30-2023 @ 07:38:01 - Found simple product object. ID:122
03-30-2023 @ 07:38:01 - Row :23 - Product imported successfully.
03-30-2023 @ 07:38:01 - Row :24 - Parsing item.
03-30-2023 @ 07:38:01 - Importing as new product ID:123
03-30-2023 @ 07:38:01 - Row :24 - Processing item.
03-30-2023 @ 07:38:01 - Found simple product object. ID:123
03-30-2023 @ 07:38:01 - Row :24 - Product imported successfully.
03-30-2023 @ 07:38:01 - Row :25 - Parsing item.
03-30-2023 @ 07:38:01 - Importing as new product ID:124
03-30-2023 @ 07:38:01 - Row :25 - Processing item.
03-30-2023 @ 07:38:01 - Found simple product object. ID:124
03-30-2023 @ 07:38:01 - Row :25 - Product imported successfully.
03-30-2023 @ 07:38:01 - Row :26 - Parsing item.
03-30-2023 @ 07:38:01 - Importing as new product ID:125
03-30-2023 @ 07:38:01 - Row :26 - Processing item.
03-30-2023 @ 07:38:01 - Found simple product object. ID:125
03-30-2023 @ 07:38:02 - Row :26 - Product imported successfully.
03-30-2023 @ 07:38:02 - Row :27 - Parsing item.
03-30-2023 @ 07:38:02 - Row :27 - Parsing failed. Reason: Не удалось вставить запись в базу данных
03-30-2023 @ 07:38:02 - Row :28 - Parsing item.
03-30-2023 @ 07:38:02 - Row :28 - Parsing failed. Reason: Не удалось вставить запись в базу данных
03-30-2023 @ 07:38:02 - Row :29 - Parsing item.
03-30-2023 @ 07:38:02 - Row :29 - Parsing failed. Reason: Не удалось вставить запись в базу данных
03-30-2023 @ 07:38:02 - Row :30 - Parsing item.
03-30-2023 @ 07:38:02 - Row :30 - Parsing failed. Reason: Не удалось вставить запись в базу данных
03-30-2023 @ 07:38:02 - Preparing for import.
03-30-2023 @ 07:38:02 - Row :31 - Parsing item.
03-30-2023 @ 07:38:02 - Row :31 - Parsing failed. Reason: Не удалось вставить запись в базу данных
03-30-2023 @ 07:38:02 - Row :32 - Parsing item.
03-30-2023 @ 07:38:02 - Row :32 - Parsing failed. Reason: Не удалось вставить запись в базу данных
03-30-2023 @ 07:38:02 - Row :33 - Parsing item.
03-30-2023 @ 07:38:02 - Importing as new product ID:126
03-30-2023 @ 07:38:02 - Row :33 - Processing item.
03-30-2023 @ 07:38:02 - Found simple product object. ID:126
03-30-2023 @ 07:38:02 - Row :33 - Product imported successfully.
03-30-2023 @ 07:38:02 - Row :34 - Parsing item.
03-30-2023 @ 07:38:02 - Importing as new product ID:127
03-30-2023 @ 07:38:02 - Row :34 - Processing item.
03-30-2023 @ 07:38:02 - Found simple product object. ID:127
03-30-2023 @ 07:38:02 - Row :34 - Product imported successfully.
03-30-2023 @ 07:38:02 - Row :35 - Parsing item.
03-30-2023 @ 07:38:02 - Row :35 - Parsing failed. Reason: Не удалось вставить запись в базу данных
03-30-2023 @ 07:38:02 - Row :36 - Parsing item.
03-30-2023 @ 07:38:02 - Importing as new product ID:128
03-30-2023 @ 07:38:02 - Row :36 - Processing item.
03-30-2023 @ 07:38:02 - Found simple product object. ID:128
03-30-2023 @ 07:38:02 - Row :36 - Product imported successfully.
03-30-2023 @ 07:38:02 - Row :37 - Parsing item.
03-30-2023 @ 07:38:02 - Row :37 - Parsing failed. Reason: Не удалось вставить запись в базу данных
03-30-2023 @ 07:38:02 - Row :38 - Parsing item.
03-30-2023 @ 07:38:02 - Importing as new product ID:129
03-30-2023 @ 07:38:02 - Row :38 - Processing item.
03-30-2023 @ 07:38:02 - Found simple product object. ID:129
03-30-2023 @ 07:38:03 - Row :38 - Product imported successfully.
03-30-2023 @ 07:38:03 - Row :39 - Parsing item.
03-30-2023 @ 07:38:03 - Importing as new product ID:130
03-30-2023 @ 07:38:03 - Row :39 - Processing item.
03-30-2023 @ 07:38:03 - Found simple product object. ID:130
03-30-2023 @ 07:38:03 - Row :39 - Product imported successfully.
03-30-2023 @ 07:38:03 - ---[ Import ended at 2023-03-30 04:38:03]---
